20230908	17:07:03	9e59b2f0-9ba8-436a-a4f3-fe59fcdff0ef	POST	/auth	undefined
20230908	17:09:07	7ab67139-93ff-48d9-9c50-0c22e2779243	GET	/refresh	undefined
20230908	17:09:22	796a2ef7-4dd4-4e35-bee5-95098f2105be	GET	/auth/refresh	undefined
20230908	17:11:30	a01f61d1-4ad4-48f1-b1f0-22a8a8da48ea	GET	/auth/logout	undefined
20230908	17:12:11	1b3ea059-d041-49df-a117-578d23dd17d9	POST	/auth/logout	undefined
20230908	17:12:34	51ae643a-3271-45ab-83fa-93d935809772	POST	/auth	undefined
20230908	17:12:41	ec1152a6-d90b-48b8-b985-1506be5e78d7	POST	/auth/logout	undefined
20230908	17:13:13	91134a48-a021-40da-9260-4e0f22727a08	GET	/auth	undefined
20230908	17:13:26	6dd140ce-657b-4258-b2af-781a4fd5bfe5	POST	/auth	undefined
20230908	17:14:53	8431914f-3582-4080-b8c3-2449ab4a02af	GET	/notes	undefined
20230908	17:15:00	d2d99ba5-3d69-47d7-82ba-e913a58de5d3	GET	/notes	undefined
20230908	17:16:42	20123563-92e9-449e-a3fd-5a5e23598010	POST	/auth	undefined
20230908	17:17:56	8c4ec931-4d8a-4e62-90ad-6fa0d0a4b957	GET	/notes	undefined
20230908	17:18:23	771a9df2-e8e8-4577-a19c-0e6869905324	GET	/users	undefined
20230908	17:18:55	e84fcbc9-15a1-4a3b-beaa-577e6e4e2c70	POST	/auth	undefined
20230908	19:03:17	7cd39ad8-b0c3-4d9b-af3e-4dcd7ed0f6e1	OPTIONS	/auth	http://localhost:3000
20230908	19:03:17	6b5a747f-34f0-45ab-ab27-3ce1edd820e9	POST	/auth	http://localhost:3000
20230908	19:03:18	3268c60d-48a7-4965-8070-8a131a920020	GET	/notes	http://localhost:3000
20230908	19:03:18	e66f25c3-8d69-48f0-b432-97dceafed765	GET	/users	http://localhost:3000
20230908	19:03:39	18f3b175-3d75-4981-b128-3d201cd6987f	GET	/notes	http://localhost:3000
20230908	19:04:04	83c6e082-4f4d-4490-8424-2d8be0e5f7e5	OPTIONS	/auth	http://localhost:3000
20230908	19:04:04	abfde249-6b37-4bdb-9ddd-eca4d5b8729f	POST	/auth	http://localhost:3000
20230908	19:04:04	d28ef986-3183-4239-ad3b-57edeb9f7ea6	GET	/notes	http://localhost:3000
20230908	19:04:04	bff3a296-acaf-43d9-8a25-3f47ee641d6f	GET	/users	http://localhost:3000
20230908	19:07:25	231a2155-3bc9-44f2-bc82-eb482ce32586	GET	/notes	http://localhost:3000
20230908	19:07:25	99a0daca-15ed-48ae-bad5-d799d85f4e4f	GET	/users	http://localhost:3000
20230908	19:07:29	77d37f08-ff82-4246-9eb7-50905e9c6f36	GET	/notes	http://localhost:3000
20230908	19:07:29	19c9df7d-6e4a-45ff-b98c-27fb1173c91e	GET	/users	http://localhost:3000
20230908	19:08:23	02ba3c30-ed18-4489-b4f4-bed6bee3e2cc	GET	/notes	http://localhost:3000
20230908	19:08:23	35436606-88dd-494c-a5a0-a3228ecc3224	GET	/users	http://localhost:3000
20230908	19:08:45	8ad90d77-c168-4124-bf77-ec91f989f199	GET	/notes	http://localhost:3000
20230908	19:08:45	d795692d-55d6-4145-a350-6a640f34158a	GET	/users	http://localhost:3000
20230908	19:09:14	05802b28-7463-4403-b67e-81b8cc8ab190	POST	/auth/logout	http://localhost:3000
20230908	19:09:27	339392fe-6c55-4cfe-aca6-9393f3f590c9	OPTIONS	/auth	http://localhost:3000
20230908	19:09:27	2128922c-a83b-443a-9d99-087aae9faa46	POST	/auth	http://localhost:3000
20230908	19:09:27	57f5d0d7-cbb6-4c7f-9dce-53b84d95b7f5	GET	/notes	http://localhost:3000
20230908	19:09:27	943cebb7-dc4a-409e-be83-51a967f16b39	GET	/users	http://localhost:3000
20230908	20:07:09	61d70cf7-0c2a-4857-9738-c99841bff271	GET	/notes	http://localhost:3000
20230908	20:07:10	e4b07c25-b9b5-48f7-a2b9-5e22aa2520dd	GET	/users	http://localhost:3000
20230908	20:07:36	1259586e-21bd-43f9-879e-f2c92ef69dac	GET	/notes	http://localhost:3000
20230908	20:07:36	2e6ab265-231f-4b31-96aa-eb39901bd912	GET	/users	http://localhost:3000
20230908	20:08:15	f06f1d1f-5007-4ed1-a3a9-97781554f120	GET	/notes	http://localhost:3000
20230908	20:08:15	96890a0f-3211-4a6f-bdfe-e8e70cce7b7b	GET	/users	http://localhost:3000
20230908	20:13:56	bfbc0844-0c42-4e1e-bb1f-30ed8d36ed27	OPTIONS	/auth	http://localhost:3000
20230908	20:13:56	7e42fc10-e8e8-43e8-8313-dc7a9d0c073f	POST	/auth	http://localhost:3000
20230908	20:22:03	6402d9e8-67d2-4e2c-b82e-a99cf0c9bd06	OPTIONS	/auth	http://localhost:3000
20230908	20:22:03	00eaa13d-72fc-4ce4-ba3a-a0e761a54a6d	POST	/auth	http://localhost:3000
20230908	20:22:03	de634f7c-ecb3-4a70-87b6-467d8b4b81d2	OPTIONS	/notes	http://localhost:3000
20230908	20:22:03	af8513c2-fcb0-4b8f-b482-d511bfa7aaa8	OPTIONS	/users	http://localhost:3000
20230908	20:22:03	c0ed74c5-d5c2-480b-bb74-caec17c5af2f	GET	/notes	http://localhost:3000
20230908	20:22:03	b0036c2b-bf0d-4248-9a55-b3879b91198f	GET	/users	http://localhost:3000
20230908	20:22:16	280700cc-cf99-4f1e-9e01-7253e5ec3725	OPTIONS	/notes	http://localhost:3000
20230908	20:22:16	28c7feef-c6cb-4f67-a0f0-9edfb8a8856e	POST	/notes	http://localhost:3000
20230908	20:22:21	917602bd-afd7-44a2-b692-b0411f5fd8b2	OPTIONS	/auth/logout	http://localhost:3000
20230908	20:22:21	d03d61db-4b1d-408d-a1e4-d93fe5666f97	POST	/auth/logout	http://localhost:3000
20230908	20:23:28	a45f5338-e0df-46ee-95b9-794eeeb150b5	OPTIONS	/auth	http://localhost:3000
20230908	20:23:28	76c16dc1-a96b-4ab7-9590-ed9e9af97d5f	POST	/auth	http://localhost:3000
20230908	20:23:28	3b912d57-d51f-4b1c-b9a3-37fd85737356	OPTIONS	/notes	http://localhost:3000
20230908	20:23:28	392768b7-49a8-48a0-8b84-ac2f5653cbfb	OPTIONS	/users	http://localhost:3000
20230908	20:23:28	27a4c350-2d72-4802-9080-86ca6d6fa30b	GET	/notes	http://localhost:3000
20230908	20:23:28	afb9a32b-a7fe-4f42-b7ed-8f50d525d284	GET	/users	http://localhost:3000
20230908	20:23:30	b8659581-6a63-420c-a067-50e0b21330e7	GET	/notes	http://localhost:3000
20230908	20:23:36	dbc85341-3a25-4a35-8e48-b729b63b4ffe	OPTIONS	/users	http://localhost:3000
20230908	20:23:36	86e31bd1-3b9d-4860-9304-7bfc5492cf23	GET	/users	http://localhost:3000
20230908	20:23:53	7d0a10b7-4193-4ab2-9f81-4622a6f51038	OPTIONS	/notes	http://localhost:3000
20230908	20:23:53	06998702-2b3d-46dd-b775-bcba4f0ed744	GET	/notes	http://localhost:3000
20230908	20:23:53	86e2f15e-613a-4421-ace3-c79cc656b31d	GET	/users	http://localhost:3000
20230908	20:57:51	53f3966c-b00e-4371-8dc9-9f362cbfbead	GET	/notes	http://localhost:3000
20230908	20:57:51	9fb6ff53-1e65-466a-aba6-d4bb71a0ceab	GET	/users	http://localhost:3000
20230908	20:57:58	fff5304d-230c-486e-b70e-b927c14f71b0	GET	/users	http://localhost:3000
20230908	20:58:02	33814ebd-6cb7-40bb-afc9-c063633acd62	POST	/auth/logout	http://localhost:3000
20230908	22:05:38	d212c656-c7ca-49eb-b238-5fc2ea98bd84	OPTIONS	/auth	http://localhost:3000
20230908	22:05:38	298d5216-f94b-4e88-8f2f-67d16b76dde8	POST	/auth	http://localhost:3000
20230908	22:05:38	f22a2d76-bad5-4440-8ca7-149c5b232b13	OPTIONS	/notes	http://localhost:3000
20230908	22:05:38	4a76d99a-a5b3-4b9f-aef7-f97c3d4af11d	OPTIONS	/users	http://localhost:3000
20230908	22:05:38	fb9d4b4c-ba58-41bd-a4a8-529c6b0e2811	GET	/notes	http://localhost:3000
20230908	22:05:38	28cedae9-d642-4498-9994-fd484c79633c	GET	/users	http://localhost:3000
20230908	22:07:57	3520273d-e55c-45cd-af8c-d769dcd5ffc8	OPTIONS	/notes	http://localhost:3000
20230908	22:07:57	523939e0-3de1-49ed-a852-eaabdf307b2d	GET	/notes	http://localhost:3000
20230908	22:08:11	cc35a177-814f-4cee-b38d-d3f18879b28d	OPTIONS	/notes	http://localhost:3000
20230908	22:08:11	e409e274-3389-4e66-9193-aca6359b3c48	POST	/notes	http://localhost:3000
20230908	22:08:16	81325131-2ac2-499b-9806-4455111ba001	OPTIONS	/auth/logout	http://localhost:3000
20230908	22:08:16	245dc2f2-6db6-4b6c-9da6-e68fb17572a2	POST	/auth/logout	http://localhost:3000
20230908	22:08:30	12540194-ffa7-4cf5-9da8-66bb19cb0b6a	OPTIONS	/auth	http://localhost:3000
20230908	22:08:30	c6650c12-baeb-4b9e-a6c0-4b4da688337b	POST	/auth	http://localhost:3000
20230908	22:08:30	85743df2-abe8-4a7d-8abb-3ade9619849f	OPTIONS	/notes	http://localhost:3000
20230908	22:08:30	355bc9d1-bf61-4c6a-92ec-0933d1b2c1e9	OPTIONS	/users	http://localhost:3000
20230908	22:08:30	f84df20b-c049-4a2c-bb26-8474933ba7cb	GET	/notes	http://localhost:3000
20230908	22:08:30	434cc14a-bc62-4332-9c4e-fbe0c3c0ff46	GET	/users	http://localhost:3000
20230908	22:08:31	d4c87171-9e1f-4d31-b04b-d2de31375dbb	GET	/notes	http://localhost:3000
20230908	22:08:46	1e18e716-621f-4c37-b2e7-1dd8d490f780	OPTIONS	/notes	http://localhost:3000
20230908	22:08:46	926c52e8-d51c-497c-bacb-7d4860d2116b	GET	/notes	http://localhost:3000
20230908	22:08:51	9b3922b6-97b6-4312-8705-01ff719788e5	GET	/notes	http://localhost:3000
20230908	22:09:00	48f0de0e-0f5b-4620-b1f2-f75eea35854b	OPTIONS	/notes	http://localhost:3000
20230908	22:09:00	450e6e8c-5f7a-49dd-9646-d9d822174922	POST	/notes	http://localhost:3000
20230908	22:09:08	8a1fcd48-0d60-42f1-8abd-8803004fbe3c	OPTIONS	/notes	http://localhost:3000
20230908	22:09:08	e74edc0f-762a-44bd-872b-4b94048c5e39	GET	/notes	http://localhost:3000
20230908	22:30:55	0c71ca77-89cb-4123-ac4c-9dedcfb2e7d0	OPTIONS	/notes	http://localhost:3000
20230908	22:30:55	ed77fd9a-eeaf-4f6b-b9ba-f4a2c59543b2	GET	/notes	http://localhost:3000
20230908	22:30:55	5fcfa42c-749f-47c7-a39f-c00c85290296	OPTIONS	/auth/refresh	http://localhost:3000
20230908	22:30:55	9417be26-f5c3-41a0-ac52-2a55fa00b3a9	GET	/auth/refresh	http://localhost:3000
20230908	22:30:55	0fa38054-9864-43c2-8b76-33a6de427f20	GET	/notes	http://localhost:3000
20230908	22:30:57	eb2c59e0-6aff-495b-94c6-d677bcd2db35	OPTIONS	/auth/logout	http://localhost:3000
20230908	22:30:57	be796d43-e1a2-46f4-8fe7-c6a731b0293d	POST	/auth/logout	http://localhost:3000
20230908	22:39:55	f8d7991b-558c-4277-bf36-313136e987ab	GET	/auth/refresh	http://localhost:3000
20230908	22:39:58	dbabc6bf-da3f-44bb-a6d7-3f7e55cb1a85	GET	/auth/refresh	http://localhost:3000
20230908	22:41:45	51dec570-ea49-4104-869d-33217f1a6f01	GET	/auth/refresh	http://localhost:3000
20230908	22:49:43	0d44c639-a1a0-49d3-a342-d9c25f7e3102	GET	/auth/refresh	http://localhost:3000
20230908	22:50:19	82774309-c682-4c09-bb03-1d6a804283bb	OPTIONS	/auth	http://localhost:3000
20230908	22:50:19	f725e14e-6be1-48cb-b9b7-387f35ed8550	POST	/auth	http://localhost:3000
20230908	22:50:19	d86843c3-5ef3-4ea0-8108-488fe76fea66	OPTIONS	/notes	http://localhost:3000
20230908	22:50:19	08920544-dbde-4943-a3e7-d2a593191057	OPTIONS	/users	http://localhost:3000
20230908	22:50:19	b3d746d9-5751-4e65-80e6-ff4255a4b9a7	GET	/notes	http://localhost:3000
20230908	22:50:19	25665ca4-1d8e-4eeb-bd9f-deec922f586b	GET	/users	http://localhost:3000
20230908	22:50:21	db5f1cdc-7b8a-4de1-81c7-620420a86c91	GET	/notes	http://localhost:3000
20230908	22:50:23	7b34e774-d146-4443-9020-9d014522cd75	GET	/notes	http://localhost:3000
20230908	22:50:31	5b123e79-7f6a-4fc1-875a-8a689ec8e127	OPTIONS	/notes	http://localhost:3000
20230908	22:50:31	278779d0-555e-4655-9224-df8c7b5f0a5a	POST	/notes	http://localhost:3000
20230908	22:50:33	53a96ae6-a89c-4c15-b989-d4ca373a8899	GET	/notes	http://localhost:3000
20230908	22:50:38	d8cefea3-9de0-4408-810e-8b23f1f3a886	OPTIONS	/notes	http://localhost:3000
20230908	22:50:38	23fd7483-0f21-4284-bfd3-40da548edb8c	GET	/notes	http://localhost:3000
20230908	22:50:45	ccfc4cf1-7f3d-4a32-9811-98f4da0e6fb8	OPTIONS	/notes	http://localhost:3000
20230908	22:50:45	eedc3df4-182a-4e99-a572-8f02d12be1cd	GET	/notes	http://localhost:3000
20230908	22:50:52	bc4fe29f-0ac2-4013-8cbe-ac57f5fff055	OPTIONS	/notes	http://localhost:3000
20230908	22:50:52	532c466a-1c56-48a0-a511-6aabc8987e2d	GET	/notes	http://localhost:3000
20230908	22:50:58	9e143536-4ce8-47f5-8b41-89849dc633c7	GET	/auth/refresh	http://localhost:3000
20230908	22:50:58	fc54402b-0832-4472-b49c-ada04b325737	OPTIONS	/notes	http://localhost:3000
20230908	22:50:58	7db91b4f-9799-4ef4-96c8-ccfcd4ff07fb	OPTIONS	/users	http://localhost:3000
20230908	22:50:58	e1af4a36-7fcd-41ce-837d-c7ef1363e16d	GET	/notes	http://localhost:3000
20230908	22:50:58	c80e6f7c-6bcb-4e51-91d8-f477f2bb5cc4	GET	/users	http://localhost:3000
20230908	22:52:18	c7cd5fee-3076-43ce-99b4-cf3928b3e2d3	GET	/auth/refresh	http://localhost:3000
20230908	22:52:18	9dac308c-f95e-4cb7-952a-eda5ac6bb487	OPTIONS	/users	http://localhost:3000
20230908	22:52:18	241cd821-51e6-425c-b3d7-da97645e71d5	OPTIONS	/notes	http://localhost:3000
20230908	22:52:18	6e9b6bf2-9759-49b3-a5e2-1add1adbbf6b	GET	/notes	http://localhost:3000
20230908	22:52:18	3148a3dc-956e-49d3-a29f-68c08e938ba7	GET	/users	http://localhost:3000
20230908	22:52:24	3be5cb34-993f-4fc9-9b8b-23a14fc9198b	OPTIONS	/auth	http://localhost:3000
20230908	22:52:24	6f75dbc6-1f44-4bfa-9273-51a281da5817	POST	/auth	http://localhost:3000
20230908	22:52:27	8d9c6227-8e9c-41d1-a8cc-a563bc5ca936	POST	/auth	http://localhost:3000
20230908	22:53:07	5fb4eed2-a7c9-40c6-a886-0ba98cfd479d	GET	/auth/refresh	http://localhost:3000
20230908	22:53:09	29800bfb-0daa-4bfe-9046-a8c48745c458	OPTIONS	/notes	http://localhost:3000
20230908	22:53:09	db07cdf4-69a1-4659-ac93-084aa1e15aaa	OPTIONS	/users	http://localhost:3000
20230908	22:53:09	f4d0b940-ca31-479b-83ec-cde09af7e241	GET	/notes	http://localhost:3000
20230908	22:53:09	429ec13b-4e52-41ec-8330-4f8fab6abcb9	GET	/users	http://localhost:3000
20230908	22:53:36	824b2622-c101-46c7-bf60-a914bbd9fba2	OPTIONS	/auth	http://localhost:3000
20230908	22:53:36	0835092f-2a8f-4edd-8ee8-63579aa69944	POST	/auth	http://localhost:3000
20230908	22:53:37	f020643c-67dc-4920-92de-e42463a078b4	POST	/auth	http://localhost:3000
20230908	22:53:38	97da9a9e-96b2-4320-8c51-a2b07fdae9de	POST	/auth	http://localhost:3000
20230908	22:53:38	60e2c59f-9b6c-4d57-8801-57fdde89803d	POST	/auth	http://localhost:3000
20230908	22:55:15	29821997-cb0b-49c0-9239-8d71c2804b07	POST	/users	undefined
20230908	22:55:38	96faf7fb-fb07-4816-8094-e8e39097481b	POST	/users	undefined
20230908	22:55:47	c2b5d178-8249-4f5a-9289-7ad2926e0ff7	GET	/users	undefined
20230908	22:56:00	306fcdb1-eca3-4c66-83c9-01d782ed7524	GET	/auth/refresh	undefined
20230908	22:56:06	634243cc-6354-4fc7-821a-2ada1ca4fb48	POST	/auth	undefined
20230908	23:31:58	45ac5883-21bf-4b64-ada3-fb84a09d8f8f	POST	/auth	undefined
20230908	23:32:09	54502d58-6d07-4a0b-9759-99c79fd5830a	POST	/users	undefined
20230908	23:32:44	e64cec8a-2788-4361-9f79-bf25c8e93ccf	POST	/users	undefined
20230908	23:35:48	5a7f566b-caa2-499d-89ba-6ad1920c2e02	POST	/users	undefined
20230908	23:35:56	cf9db6f5-858f-465d-9546-6cbdf980c839	POST	/users	undefined
20230908	23:36:35	4c5138a2-33d0-49f5-a2e9-60604874acdd	POST	/users	undefined
20230908	23:37:17	de036e21-6f64-4a4a-8256-62d25451b797	GET	/users	undefined
20230908	23:37:35	2f9afc68-c0eb-488a-b562-640b8e322b8e	GET	/users	undefined
